<?xml version="1.0" encoding="UTF-8" ?>
<testsuites disabled="0" errors="0" failures="7" tests="6" time="253.576">
 <testsuite name="React + Okta App" timestamp="2020-09-24T12:11:58" hostname="localhost" time="126.788" errors="0" tests="0" skipped="0" disabled="0" failures="0">
 </testsuite>
 <testsuite name="React + Okta App.implicit flow" timestamp="2020-09-24T12:11:58" hostname="localhost" time="5.072" errors="0" tests="2" skipped="0" disabled="0" failures="2">
  <testcase classname="React + Okta App.implicit flow" name="should redirect to Okta for login when trying to access a protected page" time="3.004">
   <failure type="exception" message="Failed: each key must be a number of string; got undefined"><![CDATA[TypeError: each key must be a number of string; got undefined
    at /Users/brettritter/repos/copy-okta-oidc-js/node_modules/selenium-webdriver/lib/webdriver.js:2162:21
    at Array.forEach (<anonymous>)
    at /Users/brettritter/repos/copy-okta-oidc-js/node_modules/selenium-webdriver/lib/webdriver.js:2157:16
    at processTicksAndRejections (internal/process/task_queues.js:89:5)
From: Task: WebElement.sendKeys()
    at Driver.schedule (/Users/brettritter/repos/copy-okta-oidc-js/node_modules/selenium-webdriver/lib/webdriver.js:807:17)
    at WebElement.schedule_ (/Users/brettritter/repos/copy-okta-oidc-js/node_modules/selenium-webdriver/lib/webdriver.js:2010:25)
    at WebElement.sendKeys (/Users/brettritter/repos/copy-okta-oidc-js/node_modules/selenium-webdriver/lib/webdriver.js:2174:19)
    at actionFn (/Users/brettritter/repos/copy-okta-oidc-js/node_modules/protractor/built/element.js:89:44)
    at Array.map (<anonymous>)
    at /Users/brettritter/repos/copy-okta-oidc-js/node_modules/protractor/built/element.js:461:65
    at ManagedPromise.invokeCallback_ (/Users/brettritter/repos/copy-okta-oidc-js/node_modules/selenium-webdriver/lib/promise.js:1376:14)
    at TaskQueue.execute_ (/Users/brettritter/repos/copy-okta-oidc-js/node_modules/selenium-webdriver/lib/promise.js:3084:14)
    at TaskQueue.executeNext_ (/Users/brettritter/repos/copy-okta-oidc-js/node_modules/selenium-webdriver/lib/promise.js:3067:27)
    at /Users/brettritter/repos/copy-okta-oidc-js/node_modules/selenium-webdriver/lib/promise.js:2927:27Error
    at ElementArrayFinder.applyAction_ (/Users/brettritter/repos/copy-okta-oidc-js/node_modules/protractor/built/element.js:459:27)
    at ElementArrayFinder.<computed> [as sendKeys] (/Users/brettritter/repos/copy-okta-oidc-js/node_modules/protractor/built/element.js:91:29)
    at ElementFinder.<computed> [as sendKeys] (/Users/brettritter/repos/copy-okta-oidc-js/node_modules/protractor/built/element.js:831:22)
    at OktaSignInPage.signIn (/Users/brettritter/repos/copy-okta-oidc-js/test/e2e/harness/e2e/dist/page-objects/okta-signin.po.js:72:31)
    at UserContext.<anonymous> (/Users/brettritter/repos/copy-okta-oidc-js/test/e2e/harness/e2e/dist/App.test.js:24:21)
    at /Users/brettritter/repos/copy-okta-oidc-js/node_modules/jasminewd2/index.js:112:25
    at new ManagedPromise (/Users/brettritter/repos/copy-okta-oidc-js/node_modules/selenium-webdriver/lib/promise.js:1077:7)
    at ControlFlow.promise (/Users/brettritter/repos/copy-okta-oidc-js/node_modules/selenium-webdriver/lib/promise.js:2505:12)
    at schedulerExecute (/Users/brettritter/repos/copy-okta-oidc-js/node_modules/jasminewd2/index.js:95:18)
    at TaskQueue.execute_ (/Users/brettritter/repos/copy-okta-oidc-js/node_modules/selenium-webdriver/lib/promise.js:3084:14)
From: Task: Run it("should redirect to Okta for login when trying to access a protected page") in control flow
    at UserContext.<anonymous> (/Users/brettritter/repos/copy-okta-oidc-js/node_modules/jasminewd2/index.js:94:19)
    at attempt (/Users/brettritter/repos/copy-okta-oidc-js/node_modules/jasmine/node_modules/jasmine-core/lib/jasmine-core/jasmine.js:4297:26)
    at QueueRunner.run (/Users/brettritter/repos/copy-okta-oidc-js/node_modules/jasmine/node_modules/jasmine-core/lib/jasmine-core/jasmine.js:4217:20)
    at runNext (/Users/brettritter/repos/copy-okta-oidc-js/node_modules/jasmine/node_modules/jasmine-core/lib/jasmine-core/jasmine.js:4257:20)
    at /Users/brettritter/repos/copy-okta-oidc-js/node_modules/jasmine/node_modules/jasmine-core/lib/jasmine-core/jasmine.js:4264:13
    at /Users/brettritter/repos/copy-okta-oidc-js/node_modules/jasmine/node_modules/jasmine-core/lib/jasmine-core/jasmine.js:4172:9
    at /Users/brettritter/repos/copy-okta-oidc-js/node_modules/jasminewd2/index.js:64:48
    at ControlFlow.emit (/Users/brettritter/repos/copy-okta-oidc-js/node_modules/selenium-webdriver/lib/events.js:62:21)
    at ControlFlow.shutdown_ (/Users/brettritter/repos/copy-okta-oidc-js/node_modules/selenium-webdriver/lib/promise.js:2674:10)
    at /Users/brettritter/repos/copy-okta-oidc-js/node_modules/selenium-webdriver/lib/promise.js:2599:53
From asynchronous test: 
Error
    at Suite.<anonymous> (/Users/brettritter/repos/copy-okta-oidc-js/test/e2e/harness/e2e/dist/App.test.js:20:5)
    at addSpecsToSuite (/Users/brettritter/repos/copy-okta-oidc-js/node_modules/jasmine/node_modules/jasmine-core/lib/jasmine-core/jasmine.js:1107:25)
    at Env.describe (/Users/brettritter/repos/copy-okta-oidc-js/node_modules/jasmine/node_modules/jasmine-core/lib/jasmine-core/jasmine.js:1074:7)
    at describe (/Users/brettritter/repos/copy-okta-oidc-js/node_modules/jasmine/node_modules/jasmine-core/lib/jasmine-core/jasmine.js:4399:18)
    at Suite.<anonymous> (/Users/brettritter/repos/copy-okta-oidc-js/test/e2e/harness/e2e/dist/App.test.js:18:3)
    at addSpecsToSuite (/Users/brettritter/repos/copy-okta-oidc-js/node_modules/jasmine/node_modules/jasmine-core/lib/jasmine-core/jasmine.js:1107:25)
    at Env.describe (/Users/brettritter/repos/copy-okta-oidc-js/node_modules/jasmine/node_modules/jasmine-core/lib/jasmine-core/jasmine.js:1074:7)
    at describe (/Users/brettritter/repos/copy-okta-oidc-js/node_modules/jasmine/node_modules/jasmine-core/lib/jasmine-core/jasmine.js:4399:18)
    at Object.<anonymous> (/Users/brettritter/repos/copy-okta-oidc-js/test/e2e/harness/e2e/dist/App.test.js:5:1)]]>
   </failure>
  </testcase>
  <testcase classname="React + Okta App.implicit flow" name="should redirect to Okta for login" time="2.068">
   <failure type="exception" message="Failed: each key must be a number of string; got undefined"><![CDATA[TypeError: each key must be a number of string; got undefined
    at /Users/brettritter/repos/copy-okta-oidc-js/node_modules/selenium-webdriver/lib/webdriver.js:2162:21
    at Array.forEach (<anonymous>)
    at /Users/brettritter/repos/copy-okta-oidc-js/node_modules/selenium-webdriver/lib/webdriver.js:2157:16
    at processTicksAndRejections (internal/process/task_queues.js:89:5)
From: Task: WebElement.sendKeys()
    at Driver.schedule (/Users/brettritter/repos/copy-okta-oidc-js/node_modules/selenium-webdriver/lib/webdriver.js:807:17)
    at WebElement.schedule_ (/Users/brettritter/repos/copy-okta-oidc-js/node_modules/selenium-webdriver/lib/webdriver.js:2010:25)
    at WebElement.sendKeys (/Users/brettritter/repos/copy-okta-oidc-js/node_modules/selenium-webdriver/lib/webdriver.js:2174:19)
    at actionFn (/Users/brettritter/repos/copy-okta-oidc-js/node_modules/protractor/built/element.js:89:44)
    at Array.map (<anonymous>)
    at /Users/brettritter/repos/copy-okta-oidc-js/node_modules/protractor/built/element.js:461:65
    at ManagedPromise.invokeCallback_ (/Users/brettritter/repos/copy-okta-oidc-js/node_modules/selenium-webdriver/lib/promise.js:1376:14)
    at TaskQueue.execute_ (/Users/brettritter/repos/copy-okta-oidc-js/node_modules/selenium-webdriver/lib/promise.js:3084:14)
    at TaskQueue.executeNext_ (/Users/brettritter/repos/copy-okta-oidc-js/node_modules/selenium-webdriver/lib/promise.js:3067:27)
    at /Users/brettritter/repos/copy-okta-oidc-js/node_modules/selenium-webdriver/lib/promise.js:2927:27Error
    at ElementArrayFinder.applyAction_ (/Users/brettritter/repos/copy-okta-oidc-js/node_modules/protractor/built/element.js:459:27)
    at ElementArrayFinder.<computed> [as sendKeys] (/Users/brettritter/repos/copy-okta-oidc-js/node_modules/protractor/built/element.js:91:29)
    at ElementFinder.<computed> [as sendKeys] (/Users/brettritter/repos/copy-okta-oidc-js/node_modules/protractor/built/element.js:831:22)
    at OktaSignInPage.signIn (/Users/brettritter/repos/copy-okta-oidc-js/test/e2e/harness/e2e/dist/page-objects/okta-signin.po.js:72:31)
    at UserContext.<anonymous> (/Users/brettritter/repos/copy-okta-oidc-js/test/e2e/harness/e2e/dist/App.test.js:53:21)
    at /Users/brettritter/repos/copy-okta-oidc-js/node_modules/jasminewd2/index.js:112:25
    at new ManagedPromise (/Users/brettritter/repos/copy-okta-oidc-js/node_modules/selenium-webdriver/lib/promise.js:1077:7)
    at ControlFlow.promise (/Users/brettritter/repos/copy-okta-oidc-js/node_modules/selenium-webdriver/lib/promise.js:2505:12)
    at schedulerExecute (/Users/brettritter/repos/copy-okta-oidc-js/node_modules/jasminewd2/index.js:95:18)
    at TaskQueue.execute_ (/Users/brettritter/repos/copy-okta-oidc-js/node_modules/selenium-webdriver/lib/promise.js:3084:14)
From: Task: Run it("should redirect to Okta for login") in control flow
    at UserContext.<anonymous> (/Users/brettritter/repos/copy-okta-oidc-js/node_modules/jasminewd2/index.js:94:19)
    at attempt (/Users/brettritter/repos/copy-okta-oidc-js/node_modules/jasmine/node_modules/jasmine-core/lib/jasmine-core/jasmine.js:4297:26)
    at QueueRunner.run (/Users/brettritter/repos/copy-okta-oidc-js/node_modules/jasmine/node_modules/jasmine-core/lib/jasmine-core/jasmine.js:4217:20)
    at runNext (/Users/brettritter/repos/copy-okta-oidc-js/node_modules/jasmine/node_modules/jasmine-core/lib/jasmine-core/jasmine.js:4257:20)
    at /Users/brettritter/repos/copy-okta-oidc-js/node_modules/jasmine/node_modules/jasmine-core/lib/jasmine-core/jasmine.js:4264:13
    at /Users/brettritter/repos/copy-okta-oidc-js/node_modules/jasmine/node_modules/jasmine-core/lib/jasmine-core/jasmine.js:4172:9
    at /Users/brettritter/repos/copy-okta-oidc-js/node_modules/jasminewd2/index.js:64:48
    at ControlFlow.emit (/Users/brettritter/repos/copy-okta-oidc-js/node_modules/selenium-webdriver/lib/events.js:62:21)
    at ControlFlow.shutdown_ (/Users/brettritter/repos/copy-okta-oidc-js/node_modules/selenium-webdriver/lib/promise.js:2674:10)
    at /Users/brettritter/repos/copy-okta-oidc-js/node_modules/selenium-webdriver/lib/promise.js:2599:53
From asynchronous test: 
Error
    at Suite.<anonymous> (/Users/brettritter/repos/copy-okta-oidc-js/test/e2e/harness/e2e/dist/App.test.js:43:5)
    at addSpecsToSuite (/Users/brettritter/repos/copy-okta-oidc-js/node_modules/jasmine/node_modules/jasmine-core/lib/jasmine-core/jasmine.js:1107:25)
    at Env.describe (/Users/brettritter/repos/copy-okta-oidc-js/node_modules/jasmine/node_modules/jasmine-core/lib/jasmine-core/jasmine.js:1074:7)
    at describe (/Users/brettritter/repos/copy-okta-oidc-js/node_modules/jasmine/node_modules/jasmine-core/lib/jasmine-core/jasmine.js:4399:18)
    at Suite.<anonymous> (/Users/brettritter/repos/copy-okta-oidc-js/test/e2e/harness/e2e/dist/App.test.js:18:3)
    at addSpecsToSuite (/Users/brettritter/repos/copy-okta-oidc-js/node_modules/jasmine/node_modules/jasmine-core/lib/jasmine-core/jasmine.js:1107:25)
    at Env.describe (/Users/brettritter/repos/copy-okta-oidc-js/node_modules/jasmine/node_modules/jasmine-core/lib/jasmine-core/jasmine.js:1074:7)
    at describe (/Users/brettritter/repos/copy-okta-oidc-js/node_modules/jasmine/node_modules/jasmine-core/lib/jasmine-core/jasmine.js:4399:18)
    at Object.<anonymous> (/Users/brettritter/repos/copy-okta-oidc-js/test/e2e/harness/e2e/dist/App.test.js:5:1)]]>
   </failure>
  </testcase>
 </testsuite>
 <testsuite name="React + Okta App.PKCE flow" timestamp="2020-09-24T12:12:03" hostname="localhost" time="120.039" errors="0" tests="2" skipped="0" disabled="0" failures="4">
  <testcase classname="React + Okta App.PKCE flow" name="should redirect to Okta for login when trying to access a protected page" time="60.015">
   <failure type="exception" message="Error: Timeout - Async callback was not invoked within timeout specified by jasmine.DEFAULT_TIMEOUT_INTERVAL."><![CDATA[Error: Timeout - Async callback was not invoked within timeout specified by jasmine.DEFAULT_TIMEOUT_INTERVAL.
    at Timeout._onTimeout (/Users/brettritter/repos/copy-okta-oidc-js/node_modules/jasmine/node_modules/jasmine-core/lib/jasmine-core/jasmine.js:4281:23)
    at listOnTimeout (internal/timers.js:531:17)
    at processTimers (internal/timers.js:475:7)]]>
   </failure>
   <failure type="exception" message="Error: Timeout - Async callback was not invoked within timeout specified by jasmine.DEFAULT_TIMEOUT_INTERVAL."><![CDATA[Error: Timeout - Async callback was not invoked within timeout specified by jasmine.DEFAULT_TIMEOUT_INTERVAL.
    at Timeout._onTimeout (/Users/brettritter/repos/copy-okta-oidc-js/node_modules/jasmine/node_modules/jasmine-core/lib/jasmine-core/jasmine.js:4281:23)
    at listOnTimeout (internal/timers.js:531:17)
    at processTimers (internal/timers.js:475:7)]]>
   </failure>
  </testcase>
  <testcase classname="React + Okta App.PKCE flow" name="should redirect to Okta for login" time="60.019">
   <failure type="exception" message="Error: Timeout - Async callback was not invoked within timeout specified by jasmine.DEFAULT_TIMEOUT_INTERVAL."><![CDATA[Error: Timeout - Async callback was not invoked within timeout specified by jasmine.DEFAULT_TIMEOUT_INTERVAL.
    at Timeout._onTimeout (/Users/brettritter/repos/copy-okta-oidc-js/node_modules/jasmine/node_modules/jasmine-core/lib/jasmine-core/jasmine.js:4281:23)
    at listOnTimeout (internal/timers.js:531:17)
    at processTimers (internal/timers.js:475:7)]]>
   </failure>
   <failure type="exception" message="Error: Timeout - Async callback was not invoked within timeout specified by jasmine.DEFAULT_TIMEOUT_INTERVAL."><![CDATA[Error: Timeout - Async callback was not invoked within timeout specified by jasmine.DEFAULT_TIMEOUT_INTERVAL.
    at Timeout._onTimeout (/Users/brettritter/repos/copy-okta-oidc-js/node_modules/jasmine/node_modules/jasmine-core/lib/jasmine-core/jasmine.js:4281:23)
    at listOnTimeout (internal/timers.js:531:17)
    at processTimers (internal/timers.js:475:7)]]>
   </failure>
  </testcase>
 </testsuite>
 <testsuite name="React + Okta App.Okta session token flow" timestamp="2020-09-24T12:14:03" hostname="localhost" time="1.483" errors="0" tests="1" skipped="0" disabled="0" failures="1">
  <testcase classname="React + Okta App.Okta session token flow" name="should allow passing sessionToken to skip Okta login" time="1.479">
   <failure type="exception" message="Failed: each key must be a number of string; got undefined"><![CDATA[TypeError: each key must be a number of string; got undefined
    at /Users/brettritter/repos/copy-okta-oidc-js/node_modules/selenium-webdriver/lib/webdriver.js:2162:21
    at Array.forEach (<anonymous>)
    at /Users/brettritter/repos/copy-okta-oidc-js/node_modules/selenium-webdriver/lib/webdriver.js:2157:16
    at processTicksAndRejections (internal/process/task_queues.js:89:5)
From: Task: WebElement.sendKeys()
    at Driver.schedule (/Users/brettritter/repos/copy-okta-oidc-js/node_modules/selenium-webdriver/lib/webdriver.js:807:17)
    at WebElement.schedule_ (/Users/brettritter/repos/copy-okta-oidc-js/node_modules/selenium-webdriver/lib/webdriver.js:2010:25)
    at WebElement.sendKeys (/Users/brettritter/repos/copy-okta-oidc-js/node_modules/selenium-webdriver/lib/webdriver.js:2174:19)
    at actionFn (/Users/brettritter/repos/copy-okta-oidc-js/node_modules/protractor/built/element.js:89:44)
    at Array.map (<anonymous>)
    at /Users/brettritter/repos/copy-okta-oidc-js/node_modules/protractor/built/element.js:461:65
    at ManagedPromise.invokeCallback_ (/Users/brettritter/repos/copy-okta-oidc-js/node_modules/selenium-webdriver/lib/promise.js:1376:14)
    at TaskQueue.execute_ (/Users/brettritter/repos/copy-okta-oidc-js/node_modules/selenium-webdriver/lib/promise.js:3084:14)
    at TaskQueue.executeNext_ (/Users/brettritter/repos/copy-okta-oidc-js/node_modules/selenium-webdriver/lib/promise.js:3067:27)
    at /Users/brettritter/repos/copy-okta-oidc-js/node_modules/selenium-webdriver/lib/promise.js:2927:27Error
    at ElementArrayFinder.applyAction_ (/Users/brettritter/repos/copy-okta-oidc-js/node_modules/protractor/built/element.js:459:27)
    at ElementArrayFinder.<computed> [as sendKeys] (/Users/brettritter/repos/copy-okta-oidc-js/node_modules/protractor/built/element.js:91:29)
    at ElementFinder.<computed> [as sendKeys] (/Users/brettritter/repos/copy-okta-oidc-js/node_modules/protractor/built/element.js:831:22)
    at SessionTokenSignInPage.signIn (/Users/brettritter/repos/copy-okta-oidc-js/test/e2e/harness/e2e/dist/page-objects/sessionToken-signin.po.js:75:31)
    at UserContext.<anonymous> (/Users/brettritter/repos/copy-okta-oidc-js/test/e2e/harness/e2e/dist/App.test.js:124:30)
    at /Users/brettritter/repos/copy-okta-oidc-js/node_modules/jasminewd2/index.js:112:25
    at new ManagedPromise (/Users/brettritter/repos/copy-okta-oidc-js/node_modules/selenium-webdriver/lib/promise.js:1077:7)
    at ControlFlow.promise (/Users/brettritter/repos/copy-okta-oidc-js/node_modules/selenium-webdriver/lib/promise.js:2505:12)
    at schedulerExecute (/Users/brettritter/repos/copy-okta-oidc-js/node_modules/jasminewd2/index.js:95:18)
    at TaskQueue.execute_ (/Users/brettritter/repos/copy-okta-oidc-js/node_modules/selenium-webdriver/lib/promise.js:3084:14)
From: Task: Run it("should allow passing sessionToken to skip Okta login") in control flow
    at UserContext.<anonymous> (/Users/brettritter/repos/copy-okta-oidc-js/node_modules/jasminewd2/index.js:94:19)
    at attempt (/Users/brettritter/repos/copy-okta-oidc-js/node_modules/jasmine/node_modules/jasmine-core/lib/jasmine-core/jasmine.js:4297:26)
    at QueueRunner.run (/Users/brettritter/repos/copy-okta-oidc-js/node_modules/jasmine/node_modules/jasmine-core/lib/jasmine-core/jasmine.js:4217:20)
    at runNext (/Users/brettritter/repos/copy-okta-oidc-js/node_modules/jasmine/node_modules/jasmine-core/lib/jasmine-core/jasmine.js:4257:20)
    at /Users/brettritter/repos/copy-okta-oidc-js/node_modules/jasmine/node_modules/jasmine-core/lib/jasmine-core/jasmine.js:4264:13
    at /Users/brettritter/repos/copy-okta-oidc-js/node_modules/jasmine/node_modules/jasmine-core/lib/jasmine-core/jasmine.js:4172:9
    at /Users/brettritter/repos/copy-okta-oidc-js/node_modules/jasminewd2/index.js:64:48
    at ControlFlow.emit (/Users/brettritter/repos/copy-okta-oidc-js/node_modules/selenium-webdriver/lib/events.js:62:21)
    at ControlFlow.shutdown_ (/Users/brettritter/repos/copy-okta-oidc-js/node_modules/selenium-webdriver/lib/promise.js:2674:10)
    at /Users/brettritter/repos/copy-okta-oidc-js/node_modules/selenium-webdriver/lib/promise.js:2599:53
From asynchronous test: 
Error
    at Suite.<anonymous> (/Users/brettritter/repos/copy-okta-oidc-js/test/e2e/harness/e2e/dist/App.test.js:119:5)
    at addSpecsToSuite (/Users/brettritter/repos/copy-okta-oidc-js/node_modules/jasmine/node_modules/jasmine-core/lib/jasmine-core/jasmine.js:1107:25)
    at Env.describe (/Users/brettritter/repos/copy-okta-oidc-js/node_modules/jasmine/node_modules/jasmine-core/lib/jasmine-core/jasmine.js:1074:7)
    at describe (/Users/brettritter/repos/copy-okta-oidc-js/node_modules/jasmine/node_modules/jasmine-core/lib/jasmine-core/jasmine.js:4399:18)
    at Suite.<anonymous> (/Users/brettritter/repos/copy-okta-oidc-js/test/e2e/harness/e2e/dist/App.test.js:117:3)
    at addSpecsToSuite (/Users/brettritter/repos/copy-okta-oidc-js/node_modules/jasmine/node_modules/jasmine-core/lib/jasmine-core/jasmine.js:1107:25)
    at Env.describe (/Users/brettritter/repos/copy-okta-oidc-js/node_modules/jasmine/node_modules/jasmine-core/lib/jasmine-core/jasmine.js:1074:7)
    at describe (/Users/brettritter/repos/copy-okta-oidc-js/node_modules/jasmine/node_modules/jasmine-core/lib/jasmine-core/jasmine.js:4399:18)
    at Object.<anonymous> (/Users/brettritter/repos/copy-okta-oidc-js/test/e2e/harness/e2e/dist/App.test.js:5:1)]]>
   </failure>
  </testcase>
 </testsuite>
 <testsuite name="React + Okta App.Router" timestamp="2020-09-24T12:14:05" hostname="localhost" time="0.194" errors="0" tests="1" skipped="0" disabled="0" failures="0">
  <testcase classname="React + Okta App.Router" name="should honor the &quot;exact&quot; route param by not triggering the secureRoute" time="0.188" />
 </testsuite>
</testsuites>